<?xml version="1.0" encoding="UTF-8"?>
<testsuite name="com.csc.TestPayroll" tests="1" skipped="0" failures="0" errors="0" timestamp="2024-09-04T04:59:13" hostname="MICHAEL-PC" time="0.022">
  <properties/>
  <testcase name="fullweek()" classname="com.csc.TestPayroll" time="0.022"/>
  <system-out><![CDATA[]]></system-out>
  <system-err><![CDATA[]]></system-err>
</testsuite>
